#
# A fatal error has been detected by the Java Runtime Environment:
#
#  EXCEPTION_STACK_OVERFLOW (0xc00000fd) at pc=0x00000000637d3cb7, pid=14704, tid=0x00000000000467bc
#
# JRE version: Java(TM) SE Runtime Environment (8.0_161-b12) (build 1.8.0_161-b12)
# Java VM: Java HotSpot(TM) 64-Bit Server VM (25.161-b12 mixed mode windows-amd64 compressed oops)
# Problematic frame:
# V  [jvm.dll+0x213cb7]
#
# Failed to write core dump. Minidumps are not enabled by default on client versions of Windows
#
# If you would like to submit a bug report, please visit:
#   http://bugreport.java.com/bugreport/crash.jsp
#

---------------  T H R E A D  ---------------

Current thread (0x000000128c28f000):  JavaThread "Timer-68809" [_thread_in_vm, id=288700, stack(0x00000012929d0000,0x0000001292ad0000)]

siginfo: ExceptionCode=0xc00000fd, ExceptionInformation=0x0000000000000001 0x0000001292ac9610 

Registers:
RAX=0x0000001292ac9610, RBX=0x0000000000000007, RCX=0x0000000000006000, RDX=0x0000000000000006
RSP=0x0000001292acf610, RBP=0x0000000000000000, RSI=0x0000001292acf610, RDI=0x0000000000000007
R8 =0x0000000000000006, R9 =0x0000001234b8de40, R10=0x000000001ba9f990, R11=0x00000012929da178
R12=0x0000001234b8de40, R13=0x000000128c28f000, R14=0x0000001292acf6d8, R15=0x000000001ba9f990
RIP=0x00000000637d3cb7, EFLAGS=0x0000000000010202

Top of Stack: (sp=0x0000001292acf610)
0x0000001292acf610:   00002982c4da7e46 00000007c00069a0
0x0000001292acf620:   000000128c28f000 0000001234b8de40
0x0000001292acf630:   00000000ffffffff 00000000637d4be7
0x0000001292acf640:   0000001292acf740 000000001ba9f990
0x0000001292acf650:   000000128c28f000 0000000063680603
0x0000001292acf660:   0000001292acf6a0 000000128c28f000
0x0000001292acf670:   0000001292acf730 000000128c28f000
0x0000001292acf680:   000000001ba9f990 000000128c28f000
0x0000001292acf690:   0000000004ca6e60 000000128c28f000
0x0000001292acf6a0:   000000001ba9f990 000000128c28f000
0x0000001292acf6b0:   000000001b31b8e0 000000128c28f000
0x0000001292acf6c0:   0000000000000001 000000001ba9f990
0x0000001292acf6d0:   000000128c28f000 0000001234a768b0
0x0000001292acf6e0:   000000128c28f000 0000000063681d6d
0x0000001292acf6f0:   0000001292acf9f8 00000007c00069a0
0x0000001292acf700:   00000007c011fbd8 ffffffffffffffff 

Instructions: (pc=0x00000000637d3cb7)
0x00000000637d3c97:   48 89 6c 24 30 33 ed 66 90 e8 6b 3f 08 00 ff c3
0x00000000637d3ca7:   48 63 c8 48 8b c6 48 0f af cf 48 ff c7 48 2b c1
0x00000000637d3cb7:   89 28 48 63 c3 48 3b 05 15 5a 59 00 7e db 48 8b
0x00000000637d3cc7:   6c 24 30 48 8b 5c 24 38 48 8b 74 24 40 48 83 c4 


Register to memory mapping:

RAX=0x0000001292ac9610 is pointing into the stack for thread: 0x000000128c28f000
RBX=0x0000000000000007 is an unknown value
RCX=0x0000000000006000 is an unknown value
RDX=0x0000000000000006 is an unknown value
RSP=0x0000001292acf610 is pointing into the stack for thread: 0x000000128c28f000
RBP=0x0000000000000000 is an unknown value
RSI=0x0000001292acf610 is pointing into the stack for thread: 0x000000128c28f000
RDI=